 [1] "snpID"         "chromosome"    "position"      "rsID"         
 [5] "alleleA"       "alleleB"       "BeadSetID"     "IntensityOnly"
 [9] "tAA"           "tAB"           "tBB"           "rAA"          
[13] "rAB"           "rBB"          
   snpID chromosome position      rsID alleleA alleleB  BeadSetID IntensityOnly
1 999447         21 13733610 rs3132407       A       G 1185447327             1
2 999465         21 13852569 rs2775671       T       C 1169708488             0
3 999493         21 14038583 rs2775018       T       C 1192445330             0
4 999512         21 14136579 rs3115511       T       C 1149617207             0
5 999561         21 14396024 rs2822404       T       C 1149961944             0
6 999567         21 14404476 rs1556276       A       G 1149617207             0
          tAA       tAB       tBB       rAA       rAB       rBB
1 0.013743570 0.3290431 0.9184624 1.5622030 1.5927530 1.6142590
2 0.063259460 0.5440393 0.9796721 0.4431986 0.4431986 0.4431986
3 0.001315146 0.2623954 0.5362323 2.6349810 2.3149340 2.0012760
4 0.011004820 0.5692499 0.9846884 0.8781826 0.9453412 0.8209958
5 0.040206810 0.5691788 0.9902423 1.0941700 1.1270790 0.9898759
6 0.030895730 0.6842008 0.9837771 0.5954081 0.7681253 0.7900150
chrom
  21   22   23   24   25   26 
1000 1000 1000  100  100  100 
chrom
  21   22    M    X   XY    Y 
1000 1000  100 1000  100  100 
[1] "snpID"      "chromosome" "position"   "flag"      
 [1] "scanID"    "subjectID" "family"    "father"    "mother"    "CoriellID"
 [7] "race"      "sex"       "status"    "genoRunID" "plate"     "batch"    
[13] "file"     
  scanID subjectID family    father    mother CoriellID race sex status
1    280 200191449   1341         0         0   NA06985  CEU   F      1
2    281 200191449   1341         0         0   NA06985  CEU   F      1
3    282 200030290   1341 200099417 200191449   NA06991  CEU   F      0
4    283 200030290   1341 200099417 200191449   NA06991  CEU   F      0
5    284 200099417   1341         0         0   NA06993  CEU   M      1
6    285 200099417   1341         0         0   NA06993  CEU   M      1
                               genoRunID          plate batch
1 WG1000993-DNAG10-CIDR_06985@1007850397 WG0052814-AMP2     A
2 WG1000992-DNAF10-CIDR_06985@1007850586 WG0061258-AMP2     A
3 WG1000970-DNAB11-CIDR_06991@1007850444 WG0061536-AMP2     B
4 WG1000969-DNAA11-CIDR_06991@1007850587 WG0053489-AMP2     A
5 WG1000972-DNAE10-CIDR_06993@1007850591 WG0060475-AMP2     C
6 WG1000971-DNAD10-CIDR_06993@1007850421 WG0061540-AMP2     B
                     file
1 GENEVA_1M_HapMap_37.csv
2 GENEVA_1M_HapMap_58.csv
3  GENEVA_1M_HapMap_5.csv
4  GENEVA_1M_HapMap_3.csv
5 GENEVA_1M_HapMap_10.csv
6 GENEVA_1M_HapMap_71.csv
[1] "read.file"    "row.num"      "samples"      "sample.match" "missg"       
[6] "snp.chk"      "chk"         

1 
3 

3300 
   3 

1 
3 

1 
3 

1 
3 
