Loading required package: GGally
Loading required package: ggplot2
Registered S3 method overwritten by 'GGally':
  method from   
  +.gg   ggplot2
Warning messages:
1: In plot.window(...) : "size" is not a graphical parameter
2: In plot.xy(xy, type, ...) : "size" is not a graphical parameter
3: In axis(side = side, at = at, labels = labels, ...) :
  "size" is not a graphical parameter
4: In axis(side = side, at = at, labels = labels, ...) :
  "size" is not a graphical parameter
5: In box(...) : "size" is not a graphical parameter
6: In title(...) : "size" is not a graphical parameter
Info: Uniform prior will be used for the phenotype graph in the estimation.
Info: Number of GWAS data: 7
Info: Some SNPs have p-values close to zero.
Info: Number of SNPs with p-values close to zero: 234
Info: p-values for these SNPs are set to 1e-10

Burn in iterations...


Main MCMC iterations...

Info: Association mapping for each phenotype.
Info: Association mapping based on the global FDR control at level 0.1.
Info: Association mapping for specified i & j phenotype pair.
Info: Association mapping based on the global FDR control at level 0.1.
