[1] 20000     7
           [,1]       [,2]       [,3]      [,4]      [,5]       [,6]       [,7]
[1,] 0.05201560 0.69394601 0.80095254 0.8935946 0.4062871 0.71502089 0.85759656
[2,] 0.42270504 0.86932265 0.83619632 0.5979045 0.7480898 0.04931404 0.62476746
[3,] 0.28201444 0.26960700 0.04520746 0.5359965 0.9764476 0.33313946 0.09141433
[4,] 0.87792229 0.75501240 0.95592348 0.1425499 0.7948491 0.36315009 0.67920778
[5,] 0.59408852 0.36952615 0.73312469 0.7972099 0.3852618 0.47646133 0.47012336
[6,] 0.01012334 0.06122195 0.87669912 0.9065982 0.5867958 0.96146317 0.65355255
List of 10
 $ P_hat_ij      : num [1:7, 1:7] 0 1 1 0 0.95 0.75 0 1 0 1 ...
 $ Sum_E_ijt     : num [1:7, 1:7, 1:20000] 0 0 0 0 0 0 0 0 0 0 ...
 $ est_beta      : num [1:7, 1:7] -4.87 0 0 0 0 ...
 $ sd_beta       : num [1:7, 1:7] 0.391 0 0 0 0 ...
 $ est_mu_vec    : num [1:7] 1.33 1.18 1.19 1.3 1.52 ...
 $ sd_mu_vec     : num [1:7] 0.0621 0.026 0.0452 0.0322 0.0194 ...
 $ est_sigma1    : num [1:7] 0.276 0.241 0.333 0.238 0.255 ...
 $ sd_sigma1     : num [1:7] 0.0302 0.0109 0.0212 0.0139 0.0134 ...
 $ est_prob_e_ijt: num [1:7, 1:7] 0.0239 0.01179 0.00568 0.00249 0.00237 ...
 $ sd_prob_e_ijt : num [1:7, 1:7] 0.1366 0.0912 0.0673 0.0442 0.0426 ...
[1] 20000     7
   [,1]  [,2]  [,3]  [,4]  [,5]  [,6]  [,7]
0 19552 19406 19729 19360 19138 19180 19586
1   448   594   271   640   862   820   414
[1] 20000     7
     [,1] [,2] [,3] [,4] [,5] [,6] [,7]
[1,]    1    1    1    1    1    1    1
[2,]    1    1    1    1    1    1    1
[3,]    1    1    1    1    1    1    1
[4,]    1    1    1    1    1    1    1
[5,]    1    1    1    1    1    1    1
[6,]    1    1    1    1    1    1    1
[1] 20000
[1] 0 0 0 0 0 0
assoc.joint
    0     1 
19831   169 
